<?xml version="1.0" encoding="UTF-8"?>
<!-- Generated by org.testng.reporters.JUnitXMLReporter -->
<testsuite ignored="0" hostname="DESKTOP-HAIIK4K" failures="0" tests="3" name="Test" time="165.984" errors="0" timestamp="2025-02-27T13:30:05 IST">
  <testcase classname="testscript.SubCategoryTest" name="verifyAddNewItemToSubCategory" time="5.194"/>
  <testcase classname="testscript.SubCategoryTest" name="verifySearchItemsFromSubCategory" time="8.111"/>
  <testcase classname="testscript.SubCategoryTest" name="verifyResetSubCategoryPage" time="10.219"/>
</testsuite> <!-- Test -->
