<?xml version="1.0" encoding="UTF-8"?>
<!-- Generated by org.testng.reporters.JUnitXMLReporter -->
<testsuite ignored="3" hostname="DESKTOP-HAIIK4K" failures="0" tests="4" name="Test" time="56.495" errors="0" timestamp="2025-03-21T13:43:46 IST">
  <testcase classname="testscript.LoginTest" name="verifyUserLoginWithInvalidUsernameAndInvalidPassword" time="0.963"/>
  <testcase classname="testscript.LoginTest" name="verifyUserLoginWithInvalidUsernameAndInvalidPassword" time="0.779"/>
  <testcase classname="testscript.LoginTest" name="verifyUserLoginWithInvalidUsernameAndInvalidPassword" time="0.998"/>
  <testcase classname="testscript.LoginTest" name="verifyUserLoginWithInvalidUsernameAndInvalidPassword" time="1.14"/>
  <testcase classname="testscript.LoginTest" name="verifyUserLoginWithValidUsernameAndInvalidPassword" time="0.0">
    <ignored/>
  </testcase> <!-- verifyUserLoginWithValidUsernameAndInvalidPassword -->
  <testcase classname="testscript.LoginTest" name="verifyUserLoginWithValidUsernameAndValidPassword" time="0.0">
    <ignored/>
  </testcase> <!-- verifyUserLoginWithValidUsernameAndValidPassword -->
  <testcase classname="testscript.LoginTest" name="verifyUserLoginWithInvalidUsernameAndValidPassword" time="0.0">
    <ignored/>
  </testcase> <!-- verifyUserLoginWithInvalidUsernameAndValidPassword -->
</testsuite> <!-- Test -->
