<?xml version="1.0" encoding="UTF-8"?>
<!-- Generated by org.testng.reporters.JUnitXMLReporter -->
<testsuite ignored="2" hostname="DESKTOP-HAIIK4K" failures="0" tests="1" name="Default test" time="15.975" errors="0" timestamp="2025-02-25T14:57:00 IST">
  <testcase classname="testscript.SubCategoryTest" name="verifyAddNewItemToSubCategory" time="3.917"/>
  <testcase classname="testscript.SubCategoryTest" name="verifySearchItemsFromSubCategory" time="0.0">
    <ignored/>
  </testcase> <!-- verifySearchItemsFromSubCategory -->
  <testcase classname="testscript.SubCategoryTest" name="verifyResetSubCategoryPage" time="0.0">
    <ignored/>
  </testcase> <!-- verifyResetSubCategoryPage -->
</testsuite> <!-- Default test -->
