<?xml version="1.0" encoding="UTF-8"?>
<!-- Generated by org.testng.reporters.JUnitXMLReporter -->
<testsuite ignored="2" hostname="DESKTOP-HAIIK4K" failures="0" tests="1" name="EdgeTest" time="131.0" errors="0" timestamp="2025-03-14T15:41:27 IST">
  <testcase classname="testscript.AdminUsersTest" name="verifyWhetherUserIsAbleToAddNewUserToTheUsersList" time="28.441"/>
  <testcase classname="testscript.AdminUsersTest" name="verifyUserIsAbleToRefreshNewlyAddedUserPageUsingTheResetButton" time="0.0">
    <ignored/>
  </testcase> <!-- verifyUserIsAbleToRefreshNewlyAddedUserPageUsingTheResetButton -->
  <testcase classname="testscript.AdminUsersTest" name="verifyUserIsAbleToSearchUsersInTheNewlyAddedUsersList" time="0.0">
    <ignored/>
  </testcase> <!-- verifyUserIsAbleToSearchUsersInTheNewlyAddedUsersList -->
</testsuite> <!-- EdgeTest -->
