<?xml version="1.0" encoding="UTF-8"?>
<!-- Generated by org.testng.reporters.JUnitXMLReporter -->
<testsuite ignored="2" hostname="DESKTOP-HAIIK4K" failures="0" tests="1" name="FirefoxTest" time="133.699" errors="0" timestamp="2025-03-21T13:30:52 IST">
  <testcase classname="testscript.AdminUsersTest" name="verifyWhetherUserIsAbleToAddNewUserToTheUsersList" time="0.001">
    <skipped/>
  </testcase> <!-- verifyWhetherUserIsAbleToAddNewUserToTheUsersList -->
  <testcase classname="testscript.AdminUsersTest" name="verifyUserIsAbleToSearchUsersInTheNewlyAddedUsersList" time="0.0">
    <ignored/>
  </testcase> <!-- verifyUserIsAbleToSearchUsersInTheNewlyAddedUsersList -->
  <testcase classname="testscript.AdminUsersTest" name="verifyUserIsAbleToRefreshNewlyAddedUserPageUsingTheResetButton" time="0.0">
    <ignored/>
  </testcase> <!-- verifyUserIsAbleToRefreshNewlyAddedUserPageUsingTheResetButton -->
</testsuite> <!-- FirefoxTest -->
