<?xml version="1.0" encoding="UTF-8"?>
<!-- Generated by org.testng.reporters.JUnitXMLReporter -->
<testsuite ignored="0" hostname="DESKTOP-HAIIK4K" failures="0" tests="7" name="Test" time="316.994" errors="0" timestamp="2025-03-11T15:32:55 IST">
  <testcase classname="testscript.LoginTest" name="verifyUserLoginWithValidUsernameAndValidPassword" time="3.434"/>
  <testcase classname="testscript.AdminUsersTest" name="verifyWhetherUserIsAbleToAddNewUserToTheUsersList" time="14.728"/>
  <testcase classname="testscript.AdminUsersTest" name="verifyUserIsAbleToSearchUsersInTheNewlyAddedUsersList" time="4.529"/>
  <testcase classname="testscript.LoginTest" name="verifyUserLoginWithValidUsernameAndInvalidPassword" time="3.488"/>
  <testcase classname="testscript.AdminUsersTest" name="verifyUserIsAbleToRefreshNewlyAddedUserPageUsingTheResetButton" time="4.134"/>
  <testcase classname="testscript.LoginTest" name="verifyUserLoginWithInvalidUsernameAndValidPassword" time="2.231"/>
  <testcase classname="testscript.LoginTest" name="verifyUserLoginWithInvalidUsernameAndInvalidPassword" time="1.821"/>
</testsuite> <!-- Test -->
