<?xml version="1.0" encoding="UTF-8"?>
<testng-results ignored="2" total="3" passed="1" failed="0" skipped="0">
  <reporter-output>
  </reporter-output>
  <suite started-at="2025-02-25T14:56:44 IST" name="Default suite" finished-at="2025-02-25T14:57:00 IST" duration-ms="15975">
    <groups>
    </groups>
    <test started-at="2025-02-25T14:56:44 IST" name="Default test" finished-at="2025-02-25T14:57:00 IST" duration-ms="15975">
      <class name="testscript.SubCategoryTest">
        <test-method is-config="true" signature="initializeBrowser()[pri:0, instance:testscript.SubCategoryTest@223191a6]" started-at="2025-02-25T14:56:44 IST" name="initializeBrowser" finished-at="2025-02-25T14:56:56 IST" duration-ms="11959" status="PASS">
          <reporter-output>
          </reporter-output>
        </test-method> <!-- initializeBrowser -->
        <test-method signature="verifyAddNewItemToSubCategory()[pri:1, instance:testscript.SubCategoryTest@223191a6]" started-at="2025-02-25T14:56:56 IST" name="verifyAddNewItemToSubCategory" description="Verification of adding  new items into the subcategory module" finished-at="2025-02-25T14:57:00 IST" duration-ms="3917" status="PASS">
          <reporter-output>
          </reporter-output>
        </test-method> <!-- verifyAddNewItemToSubCategory -->
        <test-method is-config="true" signature="driverCloseAndQuit()[pri:0, instance:testscript.SubCategoryTest@223191a6]" started-at="2025-02-25T14:57:00 IST" name="driverCloseAndQuit" finished-at="2025-02-25T14:57:00 IST" duration-ms="1" status="PASS">
          <reporter-output>
          </reporter-output>
        </test-method> <!-- driverCloseAndQuit -->
      </class> <!-- testscript.SubCategoryTest -->
    </test> <!-- Default test -->
  </suite> <!-- Default suite -->
</testng-results>
