<?xml version="1.0" encoding="UTF-8"?>
<testng-results ignored="0" total="2" passed="2" failed="0" skipped="0">
  <reporter-output>
  </reporter-output>
  <suite started-at="2025-03-11T15:50:11 IST" name="Grouping" finished-at="2025-03-11T15:51:21 IST" duration-ms="69563">
    <groups>
      <group name="smoke">
        <method signature="LoginTest.verifyUserLoginWithValidUsernameAndValidPassword()[pri:1, instance:testscript.LoginTest@40005471]" name="verifyUserLoginWithValidUsernameAndValidPassword" class="testscript.LoginTest"/>
        <method signature="LoginTest.verifyUserLoginWithValidUsernameAndInvalidPassword()[pri:2, instance:testscript.LoginTest@40005471]" name="verifyUserLoginWithValidUsernameAndInvalidPassword" class="testscript.LoginTest"/>
      </group> <!-- smoke -->
    </groups>
    <test started-at="2025-03-11T15:50:11 IST" name="Test" finished-at="2025-03-11T15:51:21 IST" duration-ms="69563">
      <class name="testscript.LoginTest">
        <test-method is-config="true" signature="initializeBrowser(java.lang.String)[pri:0, instance:testscript.LoginTest@40005471]" started-at="2025-03-11T15:50:11 IST" name="initializeBrowser" finished-at="2025-03-11T15:50:30 IST" duration-ms="19065" status="PASS">
          <params>
            <param index="0">
              <value>
                <![CDATA[chrome]]>
              </value>
            </param>
          </params>
          <reporter-output>
          </reporter-output>
        </test-method> <!-- initializeBrowser -->
        <test-method signature="verifyUserLoginWithValidUsernameAndValidPassword()[pri:1, instance:testscript.LoginTest@40005471]" started-at="2025-03-11T15:50:30 IST" name="verifyUserLoginWithValidUsernameAndValidPassword" description="Verification of login with valid username and valid password" finished-at="2025-03-11T15:50:43 IST" duration-ms="13101" status="PASS">
          <reporter-output>
          </reporter-output>
        </test-method> <!-- verifyUserLoginWithValidUsernameAndValidPassword -->
        <test-method is-config="true" signature="driverQuit(org.testng.ITestResult)[pri:0, instance:testscript.LoginTest@40005471]" started-at="2025-03-11T15:50:43 IST" name="driverQuit" finished-at="2025-03-11T15:50:43 IST" duration-ms="3" status="PASS">
          <params>
            <param index="0">
              <value>
                <![CDATA[[TestResult name=verifyUserLoginWithValidUsernameAndValidPassword status=SUCCESS method=LoginTest.verifyUserLoginWithValidUsernameAndValidPassword()[pri:1, instance:testscript.LoginTest@40005471] output={null}]]]>
              </value>
            </param>
          </params>
          <reporter-output>
          </reporter-output>
        </test-method> <!-- driverQuit -->
        <test-method is-config="true" signature="initializeBrowser(java.lang.String)[pri:0, instance:testscript.LoginTest@40005471]" started-at="2025-03-11T15:50:43 IST" name="initializeBrowser" finished-at="2025-03-11T15:51:19 IST" duration-ms="35385" status="PASS">
          <params>
            <param index="0">
              <value>
                <![CDATA[chrome]]>
              </value>
            </param>
          </params>
          <reporter-output>
          </reporter-output>
        </test-method> <!-- initializeBrowser -->
        <test-method signature="verifyUserLoginWithValidUsernameAndInvalidPassword()[pri:2, instance:testscript.LoginTest@40005471]" started-at="2025-03-11T15:51:19 IST" name="verifyUserLoginWithValidUsernameAndInvalidPassword" description="Verification of login with valid username and invalid password" finished-at="2025-03-11T15:51:21 IST" duration-ms="1846" status="PASS">
          <reporter-output>
          </reporter-output>
        </test-method> <!-- verifyUserLoginWithValidUsernameAndInvalidPassword -->
        <test-method is-config="true" signature="driverQuit(org.testng.ITestResult)[pri:0, instance:testscript.LoginTest@40005471]" started-at="2025-03-11T15:51:21 IST" name="driverQuit" finished-at="2025-03-11T15:51:21 IST" duration-ms="4" status="PASS">
          <params>
            <param index="0">
              <value>
                <![CDATA[[TestResult name=verifyUserLoginWithValidUsernameAndInvalidPassword status=SUCCESS method=LoginTest.verifyUserLoginWithValidUsernameAndInvalidPassword()[pri:2, instance:testscript.LoginTest@40005471] output={null}]]]>
              </value>
            </param>
          </params>
          <reporter-output>
          </reporter-output>
        </test-method> <!-- driverQuit -->
      </class> <!-- testscript.LoginTest -->
    </test> <!-- Test -->
  </suite> <!-- Grouping -->
</testng-results>
